1536967789065:help
1536967800288:launch
1536967813742:exit
1536968248617:help
1536968279213:trampweed
1536968286901:trampweet
1536968291067:launch
1536968295889:verbose
1536968326471:verbose -y
1536968341087:verbose true
1536968348408:verbose --n
1536968393122:stacktrace
1536968545458:verbose t
1536968565521:verbose --enable true
1536968577483:verbose --enable
1536968640819:exit
1536980454991:launch
1536980462429:verbose
1536980467522:help
1536980483251:exit
1536982720497:launch
1536982731358:stacktrace
1536983027749:launch
1536983033769:stacktrace
1536983317252:launch
1536983321516:stacktrace
1536983695914:launch
1536986102437:verbose
1536986113044:verbose --disable
1536986118561:launch
1536986170123:verbose
1536986175044:launch
1536986462036:verbose
1536986486908:verbose --disable
1536986498782:launch
1536986532278:verbose --disable
1536986536944:launch
1537012704272:help
1537012712371:launch
1537016414096:help
1537016419138:clean
1537016433338:launch
1537019289156:help
1537019293248:delete
1537019306435:launch
1537019837743:verbose --disable
1537019841562:launch
1537019849314:recount
1537020139559:delete
1537020151956:launch
1537020160542:recount
1537020202035:tecount
1537020207478:recount
1537020223597:launch
1537020228728:recount
1537020438553:exit
1537020449599:recount
1537020457689:crawl
1537020469340:verbose --disable
1537020474137:crawl
1537020492028:recount
1537021156668:count
1537021162664:recount
1537021874435:crawl
1537021879113:recount
1537022289519:verbose
1537022297060:verbose --disable
1537022303977:recount
1537022308644:crawl
1537022396537:recount
1537022444860:crawl
1537022456784:recount
1537022678725:launch
1537022684975:recount
1537022835292:help
1537022839560:trampweet
1537023017267:recount
1537023019627:test
1537023025096:recount
